<?xml version="1.0" encoding="UTF-8"?>
<testng-results skipped="0" failed="0" ignored="0" total="1" passed="1">
  <reporter-output>
  </reporter-output>
  <suite name="Default suite" duration-ms="82496" started-at="2022-03-11T20:59:28 EST" finished-at="2022-03-11T21:00:50 EST">
    <groups>
    </groups>
    <test name="Default test" duration-ms="82496" started-at="2022-03-11T20:59:28 EST" finished-at="2022-03-11T21:00:50 EST">
      <class name="appium.StartAppiumServerProgrammitically">
        <test-method status="PASS" signature="killAllNodes()[pri:0, instance:appium.StartAppiumServerProgrammitically@727803de]" name="killAllNodes" is-config="true" duration-ms="31" started-at="2022-03-11T20:59:28 EST" finished-at="2022-03-11T20:59:28 EST">
          <reporter-output>
          </reporter-output>
        </test-method> <!-- killAllNodes -->
        <test-method status="PASS" signature="startAppiumServer()[pri:0, instance:appium.StartAppiumServerProgrammitically@727803de]" name="startAppiumServer" duration-ms="82352" started-at="2022-03-11T20:59:28 EST" finished-at="2022-03-11T21:00:50 EST">
          <reporter-output>
          </reporter-output>
        </test-method> <!-- startAppiumServer -->
        <test-method status="PASS" signature="killAllNodes2()[pri:0, instance:appium.StartAppiumServerProgrammitically@727803de]" name="killAllNodes2" is-config="true" duration-ms="24" started-at="2022-03-11T21:00:50 EST" finished-at="2022-03-11T21:00:50 EST">
          <reporter-output>
          </reporter-output>
        </test-method> <!-- killAllNodes2 -->
      </class> <!-- appium.StartAppiumServerProgrammitically -->
    </test> <!-- Default test -->
  </suite> <!-- Default suite -->
</testng-results>
